2025-04-04 16:19:26 INFO            _                _                      
2025-04-04 16:19:26 INFO           / \   ___ ___ ___| | ___ _ __ __ _ _   _ 
2025-04-04 16:19:26 INFO          / _ \ / __/ __/ _ \ |/ _ \ '__/ _` | | | |
2025-04-04 16:19:26 INFO         / ___ \ (_| (_|  __/ |  __/ | | (_| | |_| |
2025-04-04 16:19:26 INFO        /_/   \_\___\___\___|_|\___|_|  \__, |\__, |
2025-04-04 16:19:26 INFO                                        |___/ |___/ 
2025-04-04 16:19:26 INFO        generating outputs according to the following specified output flags... 
2025-04-04 16:19:26 INFO         Please use the -f flag to update the preference (default to all output files)
2025-04-04 16:19:26 INFO        {'ERT': 1, 'ERT_summary': 1, 'ART': 1, 'ART_summary': 1, 'energy_estimation': 1, 'flattened_arch': 1}
2025-04-04 16:19:26 INFO        Located config file at /home/kang222/.config/accelergy/accelergy_config.yaml.
2025-04-04 16:19:26 INFO        config file located:
2025-04-04 16:19:26 INFO        /home/kang222/.config/accelergy/accelergy_config.yaml
2025-04-04 16:19:26 INFO        Parsing file /home/workspace/timeloop-accelergy-exercises/workspace/tutorial_exercises/01_accelergy_timeloop_2020_ispass/timeloop/03-model-conv1d+oc-3level/output/bypass/parsed-processed-input.yaml for architecture info
2025-04-04 16:19:26 INFO        Parsing file /home/workspace/timeloop-accelergy-exercises/workspace/tutorial_exercises/01_accelergy_timeloop_2020_ispass/timeloop/03-model-conv1d+oc-3level/output/bypass/parsed-processed-input.yaml for compound_components info
2025-04-04 16:19:26 WARNING     No compound component classes specified, architecture can only contain primitive components
2025-04-04 16:19:26 INFO        Adding required action "write" to class DRAM
2025-04-04 16:19:26 INFO        Adding required action "update" to class DRAM
2025-04-04 16:19:26 INFO        Adding required action "leak" to class DRAM
2025-04-04 16:19:26 INFO        Adding required action "read" to class DRAM
2025-04-04 16:19:26 INFO        Adding required action "write" to class SRAM
2025-04-04 16:19:26 INFO        Adding required action "update" to class SRAM
2025-04-04 16:19:26 INFO        Adding required action "leak" to class SRAM
2025-04-04 16:19:26 INFO        Adding required action "read" to class SRAM
2025-04-04 16:19:26 INFO        Adding required action "write" to class regfile
2025-04-04 16:19:26 INFO        Adding required action "update" to class regfile
2025-04-04 16:19:26 INFO        Adding required action "leak" to class regfile
2025-04-04 16:19:26 INFO        Adding required action "read" to class regfile
2025-04-04 16:19:26 INFO        Adding required action "compute" to class intmac
2025-04-04 16:19:26 INFO        Estimator plug-in identified by: /usr/local/share/accelergy/estimation_plug_ins/accelergy-adc-plug-in/adc.estimator.yaml
2025-04-04 16:19:26 INFO        Estimator plug-in identified by: /usr/local/share/accelergy/estimation_plug_ins/accelergy-aladdin-plug-in/aladdin.estimator.yaml
2025-04-04 16:19:26 INFO        Estimator plug-in identified by: /usr/local/share/accelergy/estimation_plug_ins/accelergy-cacti-plug-in/cacti.estimator.yaml
2025-04-04 16:19:26 INFO        Estimator plug-in identified by: /usr/local/share/accelergy/estimation_plug_ins/accelergy-library-plugin/library.estimator.yaml
2025-04-04 16:19:26 INFO        Estimator plug-in identified by: /usr/local/share/accelergy/estimation_plug_ins/accelergy-table-based-plug-ins/table.estimator.yaml
2025-04-04 16:19:26 INFO        Estimator plug-in identified by: /usr/local/share/accelergy/estimation_plug_ins/dummy_tables/dummy.estimator.yaml
2025-04-04 16:19:26 INFO        Loading Python plug-in: /usr/local/share/accelergy/estimation_plug_ins/accelergy-cacti-plug-in/cacti_wrapper.py. Errors below are likely due to plug-in, not Accelergy.
2025-04-04 16:19:26 INFO        Getting all estimators in module <module 'python_plug_in' from '/usr/local/share/accelergy/estimation_plug_ins/accelergy-cacti-plug-in/cacti_wrapper.py'>
2025-04-04 16:19:26 INFO        Added estimator CactiCache that estimates cache with actions idle, read, read_access, update, update_access, write, write_access, leak
2025-04-04 16:19:26 INFO        Added estimator CactiDRAM that estimates ['DRAM', 'dram'] with actions idle, read, update, write, leak
2025-04-04 16:19:26 INFO        Added estimator CactiSRAM that estimates ['SRAM', 'sram'] with actions idle, read, update, write, leak
2025-04-04 16:19:26 INFO        Done loading Python plug-ins.
2025-04-04 16:19:26 INFO        Found estimator plug-in: ADC Plug-In (<ADCEstimator.ADCEstimator object at 0x14e212e93c40>)
2025-04-04 16:19:26 INFO        Found estimator plug-in: Aladdin_table (<AladdinTable.AladdinTable object at 0x14e212e920b0>)
2025-04-04 16:19:26 INFO        Found estimator plug-in: Library (<LibraryEstimator.LibraryEstimator object at 0x14e212e91570>)
2025-04-04 16:19:26 INFO        Found estimator plug-in: DEPRECATED table-based-plug-ins. Use the Library plug-in instead. (<SetsOfTables.SetsOfTables object at 0x14e212d87190>)
2025-04-04 16:19:26 INFO        Found estimator plug-in: dummy (<DummyTable.DummyTable object at 0x14e212d866e0>)
2025-04-04 16:19:26 INFO        Found estimator plug-in: CactiCache (<accelergy.plug_in_interface.estimator_wrapper.EstimatorWrapper object at 0x14e212d87e50>)
2025-04-04 16:19:26 INFO        Found estimator plug-in: CactiDRAM (<accelergy.plug_in_interface.estimator_wrapper.EstimatorWrapper object at 0x14e212e910f0>)
2025-04-04 16:19:26 INFO        Found estimator plug-in: CactiSRAM (<accelergy.plug_in_interface.estimator_wrapper.EstimatorWrapper object at 0x14e212e91810>)
2025-04-04 16:19:26 INFO        
2025-04-04 16:19:26 INFO        ENERGY ESTIMATION for DRAM(width=256, datawidth=8, has_power_gating=False, n_banks=2, cluster_size=1, reduction_supported=True, multiple_buffering=1, min_utilization=0, allow_overbooking=False, meshX=1, meshY=1, technology=40nm, global_cycle_seconds=1e-09, version=0.4, action_latency_cycles=1, cycle_seconds=1e-09, n_instances=1).write(global_cycle_seconds=1e-09, action_latency_cycles=1)
2025-04-04 16:19:26 INFO        CactiDRAM estimated 2.048e-09 with accuracy 80%. Messages:
2025-04-04 16:19:26 INFO        | Unused arguments (datawidth, has_power_gating, n_banks, cluster_size, reduction_supported, multiple_buffering, min_utilization, allow_overbooking, meshX, meshY, technology, global_cycle_seconds, version, action_latency_cycles, cycle_seconds, n_instances) provided for ['DRAM', 'dram'].__init__. Arguments used: (width)
2025-04-04 16:19:26 INFO        | Unused arguments (global_cycle_seconds, action_latency_cycles) provided for ['DRAM', 'dram'].write. Arguments used: ()
2025-04-04 16:19:26 INFO        
2025-04-04 16:19:26 INFO        ENERGY ESTIMATION for DRAM(width=256, datawidth=8, has_power_gating=False, n_banks=2, cluster_size=1, reduction_supported=True, multiple_buffering=1, min_utilization=0, allow_overbooking=False, meshX=1, meshY=1, technology=40nm, global_cycle_seconds=1e-09, version=0.4, action_latency_cycles=1, cycle_seconds=1e-09, n_instances=1).update(global_cycle_seconds=1e-09, action_latency_cycles=1)
2025-04-04 16:19:26 INFO        CactiDRAM estimated 2.048e-09 with accuracy 80%. Messages:
2025-04-04 16:19:26 INFO        | Unused arguments (datawidth, has_power_gating, n_banks, cluster_size, reduction_supported, multiple_buffering, min_utilization, allow_overbooking, meshX, meshY, technology, global_cycle_seconds, version, action_latency_cycles, cycle_seconds, n_instances) provided for ['DRAM', 'dram'].__init__. Arguments used: (width)
2025-04-04 16:19:26 INFO        | Unused arguments (global_cycle_seconds, action_latency_cycles) provided for ['DRAM', 'dram'].update. Arguments used: ()
2025-04-04 16:19:26 INFO        
2025-04-04 16:19:26 INFO        ENERGY ESTIMATION for DRAM(width=256, datawidth=8, has_power_gating=False, n_banks=2, cluster_size=1, reduction_supported=True, multiple_buffering=1, min_utilization=0, allow_overbooking=False, meshX=1, meshY=1, technology=40nm, global_cycle_seconds=1e-09, version=0.4, action_latency_cycles=1, cycle_seconds=1e-09, n_instances=1).leak(global_cycle_seconds=1e-09, action_latency_cycles=1)
2025-04-04 16:19:26 INFO        CactiDRAM estimated 0 with accuracy 80%. Messages:
2025-04-04 16:19:26 INFO        | Unused arguments (datawidth, has_power_gating, n_banks, cluster_size, reduction_supported, multiple_buffering, min_utilization, allow_overbooking, meshX, meshY, technology, global_cycle_seconds, version, action_latency_cycles, cycle_seconds, n_instances) provided for ['DRAM', 'dram'].__init__. Arguments used: (width)
2025-04-04 16:19:26 INFO        | Unused arguments (action_latency_cycles) provided for ['DRAM', 'dram'].leak. Arguments used: (global_cycle_seconds)
2025-04-04 16:19:26 INFO        | Multiplying by n_instances 1
2025-04-04 16:19:26 INFO        
2025-04-04 16:19:26 INFO        ENERGY ESTIMATION for DRAM(width=256, datawidth=8, has_power_gating=False, n_banks=2, cluster_size=1, reduction_supported=True, multiple_buffering=1, min_utilization=0, allow_overbooking=False, meshX=1, meshY=1, technology=40nm, global_cycle_seconds=1e-09, version=0.4, action_latency_cycles=1, cycle_seconds=1e-09, n_instances=1).read(global_cycle_seconds=1e-09, action_latency_cycles=1)
2025-04-04 16:19:26 INFO        CactiDRAM estimated 2.048e-09 with accuracy 80%. Messages:
2025-04-04 16:19:26 INFO        | Unused arguments (datawidth, has_power_gating, n_banks, cluster_size, reduction_supported, multiple_buffering, min_utilization, allow_overbooking, meshX, meshY, technology, global_cycle_seconds, version, action_latency_cycles, cycle_seconds, n_instances) provided for ['DRAM', 'dram'].__init__. Arguments used: (width)
2025-04-04 16:19:26 INFO        | Unused arguments (global_cycle_seconds, action_latency_cycles) provided for ['DRAM', 'dram'].read. Arguments used: ()
2025-04-04 16:19:26 INFO        
2025-04-04 16:19:26 INFO        ENERGY ESTIMATION for SRAM(depth=32768, width=64, datawidth=8, has_power_gating=False, n_banks=2, cluster_size=1, reduction_supported=True, multiple_buffering=1, min_utilization=0, allow_overbooking=False, meshX=1, meshY=1, technology=40nm, global_cycle_seconds=1e-09, version=0.4, action_latency_cycles=1, cycle_seconds=1e-09, n_instances=1).write(global_cycle_seconds=1e-09, action_latency_cycles=1)
2025-04-04 16:19:28 INFO        CactiSRAM estimated 3.087829230769231e-11 with accuracy 80%. Messages:
2025-04-04 16:19:28 INFO        | Unused arguments (datawidth, has_power_gating, cluster_size, reduction_supported, multiple_buffering, min_utilization, allow_overbooking, meshX, meshY, global_cycle_seconds, version, action_latency_cycles, cycle_seconds, n_instances) provided for ['SRAM', 'sram'].__init__. Arguments used: (depth, width, n_banks, technology)
2025-04-04 16:19:28 INFO        | Unused arguments (global_cycle_seconds, action_latency_cycles) provided for ['SRAM', 'sram'].write. Arguments used: ()
2025-04-04 16:19:28 INFO        | Interpolating technology between 32 and 45.
2025-04-04 16:19:28 INFO        | Calling CACTI with cache_size=262144 n_rw_ports=1 block_size=8 tech_node_um=0.032 n_banks=2 tag_size=0 associativity=1
2025-04-04 16:19:28 INFO        | Calling CACTI with input path /usr/local/share/accelergy/estimation_plug_ins/accelergy-cacti-plug-in/cacti_inputs_outputs/tmpib8brrlx
2025-04-04 16:19:28 INFO        | CACTI output will be written to /usr/local/share/accelergy/estimation_plug_ins/accelergy-cacti-plug-in/cacti_inputs_outputs/tmp6nbip4nc
2025-04-04 16:19:28 INFO        | CACTI executable not found at /usr/local/share/accelergy/estimation_plug_ins/accelergy-cacti-plug-in/cacti/cacti
2025-04-04 16:19:28 INFO        | Calling: cd /usr/local/share/accelergy/estimation_plug_ins/accelergy-cacti-plug-in ; ./cacti -infile /usr/local/share/accelergy/estimation_plug_ins/accelergy-cacti-plug-in/cacti_inputs_outputs/tmpib8brrlx >> /usr/local/share/accelergy/estimation_plug_ins/accelergy-cacti-plug-in/cacti_inputs_outputs/tmp6nbip4nc 2>&1
2025-04-04 16:19:28 INFO        | Calling CACTI with cache_size=262144 n_rw_ports=1 block_size=8 tech_node_um=0.045 n_banks=2 tag_size=0 associativity=1
2025-04-04 16:19:28 INFO        | Calling CACTI with input path /usr/local/share/accelergy/estimation_plug_ins/accelergy-cacti-plug-in/cacti_inputs_outputs/tmpyyzasmq8
2025-04-04 16:19:28 INFO        | CACTI output will be written to /usr/local/share/accelergy/estimation_plug_ins/accelergy-cacti-plug-in/cacti_inputs_outputs/tmpjrvu2edp
2025-04-04 16:19:28 INFO        | CACTI executable not found at /usr/local/share/accelergy/estimation_plug_ins/accelergy-cacti-plug-in/cacti/cacti
2025-04-04 16:19:28 INFO        | Calling: cd /usr/local/share/accelergy/estimation_plug_ins/accelergy-cacti-plug-in ; ./cacti -infile /usr/local/share/accelergy/estimation_plug_ins/accelergy-cacti-plug-in/cacti_inputs_outputs/tmpyyzasmq8 >> /usr/local/share/accelergy/estimation_plug_ins/accelergy-cacti-plug-in/cacti_inputs_outputs/tmpjrvu2edp 2>&1
2025-04-04 16:19:28 INFO        | Cache bandwidth: 16.0 bytes/cycle
2025-04-04 16:19:28 INFO        | Cache bandwidth: 43900808444.995895 bits/second
2025-04-04 16:19:28 INFO        
2025-04-04 16:19:28 INFO        ENERGY ESTIMATION for SRAM(depth=32768, width=64, datawidth=8, has_power_gating=False, n_banks=2, cluster_size=1, reduction_supported=True, multiple_buffering=1, min_utilization=0, allow_overbooking=False, meshX=1, meshY=1, technology=40nm, global_cycle_seconds=1e-09, version=0.4, action_latency_cycles=1, cycle_seconds=1e-09, n_instances=1).update(global_cycle_seconds=1e-09, action_latency_cycles=1)
2025-04-04 16:19:29 INFO        CactiSRAM estimated 3.087829230769231e-11 with accuracy 80%. Messages:
2025-04-04 16:19:29 INFO        | Unused arguments (datawidth, has_power_gating, cluster_size, reduction_supported, multiple_buffering, min_utilization, allow_overbooking, meshX, meshY, global_cycle_seconds, version, action_latency_cycles, cycle_seconds, n_instances) provided for ['SRAM', 'sram'].__init__. Arguments used: (depth, width, n_banks, technology)
2025-04-04 16:19:29 INFO        | Unused arguments (global_cycle_seconds, action_latency_cycles) provided for ['SRAM', 'sram'].update. Arguments used: ()
2025-04-04 16:19:29 INFO        | Interpolating technology between 32 and 45.
2025-04-04 16:19:29 INFO        | Calling CACTI with cache_size=262144 n_rw_ports=1 block_size=8 tech_node_um=0.032 n_banks=2 tag_size=0 associativity=1
2025-04-04 16:19:29 INFO        | Calling CACTI with input path /usr/local/share/accelergy/estimation_plug_ins/accelergy-cacti-plug-in/cacti_inputs_outputs/tmpxwp1xhb9
2025-04-04 16:19:29 INFO        | CACTI output will be written to /usr/local/share/accelergy/estimation_plug_ins/accelergy-cacti-plug-in/cacti_inputs_outputs/tmpu30gf6o7
2025-04-04 16:19:29 INFO        | CACTI executable not found at /usr/local/share/accelergy/estimation_plug_ins/accelergy-cacti-plug-in/cacti/cacti
2025-04-04 16:19:29 INFO        | Calling: cd /usr/local/share/accelergy/estimation_plug_ins/accelergy-cacti-plug-in ; ./cacti -infile /usr/local/share/accelergy/estimation_plug_ins/accelergy-cacti-plug-in/cacti_inputs_outputs/tmpxwp1xhb9 >> /usr/local/share/accelergy/estimation_plug_ins/accelergy-cacti-plug-in/cacti_inputs_outputs/tmpu30gf6o7 2>&1
2025-04-04 16:19:29 INFO        | Calling CACTI with cache_size=262144 n_rw_ports=1 block_size=8 tech_node_um=0.045 n_banks=2 tag_size=0 associativity=1
2025-04-04 16:19:29 INFO        | Calling CACTI with input path /usr/local/share/accelergy/estimation_plug_ins/accelergy-cacti-plug-in/cacti_inputs_outputs/tmp37nfqvgx
2025-04-04 16:19:29 INFO        | CACTI output will be written to /usr/local/share/accelergy/estimation_plug_ins/accelergy-cacti-plug-in/cacti_inputs_outputs/tmpfiqdqzuv
2025-04-04 16:19:29 INFO        | CACTI executable not found at /usr/local/share/accelergy/estimation_plug_ins/accelergy-cacti-plug-in/cacti/cacti
2025-04-04 16:19:29 INFO        | Calling: cd /usr/local/share/accelergy/estimation_plug_ins/accelergy-cacti-plug-in ; ./cacti -infile /usr/local/share/accelergy/estimation_plug_ins/accelergy-cacti-plug-in/cacti_inputs_outputs/tmp37nfqvgx >> /usr/local/share/accelergy/estimation_plug_ins/accelergy-cacti-plug-in/cacti_inputs_outputs/tmpfiqdqzuv 2>&1
2025-04-04 16:19:29 INFO        | Cache bandwidth: 16.0 bytes/cycle
2025-04-04 16:19:29 INFO        | Cache bandwidth: 43900808444.995895 bits/second
2025-04-04 16:19:29 INFO        
2025-04-04 16:19:29 INFO        ENERGY ESTIMATION for SRAM(depth=32768, width=64, datawidth=8, has_power_gating=False, n_banks=2, cluster_size=1, reduction_supported=True, multiple_buffering=1, min_utilization=0, allow_overbooking=False, meshX=1, meshY=1, technology=40nm, global_cycle_seconds=1e-09, version=0.4, action_latency_cycles=1, cycle_seconds=1e-09, n_instances=1).leak(global_cycle_seconds=1e-09, action_latency_cycles=1)
2025-04-04 16:19:31 INFO        CactiSRAM estimated 7.972075384615384e-15 with accuracy 80%. Messages:
2025-04-04 16:19:31 INFO        | Unused arguments (datawidth, has_power_gating, cluster_size, reduction_supported, multiple_buffering, min_utilization, allow_overbooking, meshX, meshY, global_cycle_seconds, version, action_latency_cycles, cycle_seconds, n_instances) provided for ['SRAM', 'sram'].__init__. Arguments used: (depth, width, n_banks, technology)
2025-04-04 16:19:31 INFO        | Unused arguments (action_latency_cycles) provided for ['SRAM', 'sram'].leak. Arguments used: (global_cycle_seconds)
2025-04-04 16:19:31 INFO        | Interpolating technology between 32 and 45.
2025-04-04 16:19:31 INFO        | Calling CACTI with cache_size=262144 n_rw_ports=1 block_size=8 tech_node_um=0.032 n_banks=2 tag_size=0 associativity=1
2025-04-04 16:19:31 INFO        | Calling CACTI with input path /usr/local/share/accelergy/estimation_plug_ins/accelergy-cacti-plug-in/cacti_inputs_outputs/tmp8px7u5b9
2025-04-04 16:19:31 INFO        | CACTI output will be written to /usr/local/share/accelergy/estimation_plug_ins/accelergy-cacti-plug-in/cacti_inputs_outputs/tmp1cio5fra
2025-04-04 16:19:31 INFO        | CACTI executable not found at /usr/local/share/accelergy/estimation_plug_ins/accelergy-cacti-plug-in/cacti/cacti
2025-04-04 16:19:31 INFO        | Calling: cd /usr/local/share/accelergy/estimation_plug_ins/accelergy-cacti-plug-in ; ./cacti -infile /usr/local/share/accelergy/estimation_plug_ins/accelergy-cacti-plug-in/cacti_inputs_outputs/tmp8px7u5b9 >> /usr/local/share/accelergy/estimation_plug_ins/accelergy-cacti-plug-in/cacti_inputs_outputs/tmp1cio5fra 2>&1
2025-04-04 16:19:31 INFO        | Calling CACTI with cache_size=262144 n_rw_ports=1 block_size=8 tech_node_um=0.045 n_banks=2 tag_size=0 associativity=1
2025-04-04 16:19:31 INFO        | Calling CACTI with input path /usr/local/share/accelergy/estimation_plug_ins/accelergy-cacti-plug-in/cacti_inputs_outputs/tmp2ddk_tpv
2025-04-04 16:19:31 INFO        | CACTI output will be written to /usr/local/share/accelergy/estimation_plug_ins/accelergy-cacti-plug-in/cacti_inputs_outputs/tmpy2arvt2g
2025-04-04 16:19:31 INFO        | CACTI executable not found at /usr/local/share/accelergy/estimation_plug_ins/accelergy-cacti-plug-in/cacti/cacti
2025-04-04 16:19:31 INFO        | Calling: cd /usr/local/share/accelergy/estimation_plug_ins/accelergy-cacti-plug-in ; ./cacti -infile /usr/local/share/accelergy/estimation_plug_ins/accelergy-cacti-plug-in/cacti_inputs_outputs/tmp2ddk_tpv >> /usr/local/share/accelergy/estimation_plug_ins/accelergy-cacti-plug-in/cacti_inputs_outputs/tmpy2arvt2g 2>&1
2025-04-04 16:19:31 INFO        | Cache bandwidth: 16.0 bytes/cycle
2025-04-04 16:19:31 INFO        | Cache bandwidth: 43900808444.995895 bits/second
2025-04-04 16:19:31 INFO        | Global cycle time 1e-09 is less than the cache's random cycle time 2.9156638461538465e-09
2025-04-04 16:19:31 INFO        | Multiplying by n_instances 1
2025-04-04 16:19:31 INFO        
2025-04-04 16:19:31 INFO        ENERGY ESTIMATION for SRAM(depth=32768, width=64, datawidth=8, has_power_gating=False, n_banks=2, cluster_size=1, reduction_supported=True, multiple_buffering=1, min_utilization=0, allow_overbooking=False, meshX=1, meshY=1, technology=40nm, global_cycle_seconds=1e-09, version=0.4, action_latency_cycles=1, cycle_seconds=1e-09, n_instances=1).read(global_cycle_seconds=1e-09, action_latency_cycles=1)
2025-04-04 16:19:33 INFO        CactiSRAM estimated 4.335305384615385e-11 with accuracy 80%. Messages:
2025-04-04 16:19:33 INFO        | Unused arguments (datawidth, has_power_gating, cluster_size, reduction_supported, multiple_buffering, min_utilization, allow_overbooking, meshX, meshY, global_cycle_seconds, version, action_latency_cycles, cycle_seconds, n_instances) provided for ['SRAM', 'sram'].__init__. Arguments used: (depth, width, n_banks, technology)
2025-04-04 16:19:33 INFO        | Unused arguments (global_cycle_seconds, action_latency_cycles) provided for ['SRAM', 'sram'].read. Arguments used: ()
2025-04-04 16:19:33 INFO        | Interpolating technology between 32 and 45.
2025-04-04 16:19:33 INFO        | Calling CACTI with cache_size=262144 n_rw_ports=1 block_size=8 tech_node_um=0.032 n_banks=2 tag_size=0 associativity=1
2025-04-04 16:19:33 INFO        | Calling CACTI with input path /usr/local/share/accelergy/estimation_plug_ins/accelergy-cacti-plug-in/cacti_inputs_outputs/tmpkf9jk_2g
2025-04-04 16:19:33 INFO        | CACTI output will be written to /usr/local/share/accelergy/estimation_plug_ins/accelergy-cacti-plug-in/cacti_inputs_outputs/tmp9sr766ij
2025-04-04 16:19:33 INFO        | CACTI executable not found at /usr/local/share/accelergy/estimation_plug_ins/accelergy-cacti-plug-in/cacti/cacti
2025-04-04 16:19:33 INFO        | Calling: cd /usr/local/share/accelergy/estimation_plug_ins/accelergy-cacti-plug-in ; ./cacti -infile /usr/local/share/accelergy/estimation_plug_ins/accelergy-cacti-plug-in/cacti_inputs_outputs/tmpkf9jk_2g >> /usr/local/share/accelergy/estimation_plug_ins/accelergy-cacti-plug-in/cacti_inputs_outputs/tmp9sr766ij 2>&1
2025-04-04 16:19:33 INFO        | Calling CACTI with cache_size=262144 n_rw_ports=1 block_size=8 tech_node_um=0.045 n_banks=2 tag_size=0 associativity=1
2025-04-04 16:19:33 INFO        | Calling CACTI with input path /usr/local/share/accelergy/estimation_plug_ins/accelergy-cacti-plug-in/cacti_inputs_outputs/tmpug3b6nl5
2025-04-04 16:19:33 INFO        | CACTI output will be written to /usr/local/share/accelergy/estimation_plug_ins/accelergy-cacti-plug-in/cacti_inputs_outputs/tmp_9bjnsa_
2025-04-04 16:19:33 INFO        | CACTI executable not found at /usr/local/share/accelergy/estimation_plug_ins/accelergy-cacti-plug-in/cacti/cacti
2025-04-04 16:19:33 INFO        | Calling: cd /usr/local/share/accelergy/estimation_plug_ins/accelergy-cacti-plug-in ; ./cacti -infile /usr/local/share/accelergy/estimation_plug_ins/accelergy-cacti-plug-in/cacti_inputs_outputs/tmpug3b6nl5 >> /usr/local/share/accelergy/estimation_plug_ins/accelergy-cacti-plug-in/cacti_inputs_outputs/tmp_9bjnsa_ 2>&1
2025-04-04 16:19:33 INFO        | Cache bandwidth: 16.0 bytes/cycle
2025-04-04 16:19:33 INFO        | Cache bandwidth: 43900808444.995895 bits/second
2025-04-04 16:19:33 INFO        
2025-04-04 16:19:33 INFO        ENERGY ESTIMATION for regfile(depth=64, width=8, datawidth=8, has_power_gating=False, n_banks=2, cluster_size=1, reduction_supported=True, multiple_buffering=1, min_utilization=0, allow_overbooking=False, meshX=1, meshY=1, technology=40nm, global_cycle_seconds=1e-09, version=0.4, action_latency_cycles=1, cycle_seconds=1e-09, n_instances=1).write(global_cycle_seconds=1e-09, action_latency_cycles=1)
2025-04-04 16:19:33 INFO        Aladdin_table estimated 0.36264p with accuracy 70%. 
2025-04-04 16:19:33 INFO        
2025-04-04 16:19:33 INFO        ENERGY ESTIMATION for regfile(depth=64, width=8, datawidth=8, has_power_gating=False, n_banks=2, cluster_size=1, reduction_supported=True, multiple_buffering=1, min_utilization=0, allow_overbooking=False, meshX=1, meshY=1, technology=40nm, global_cycle_seconds=1e-09, version=0.4, action_latency_cycles=1, cycle_seconds=1e-09, n_instances=1).update(global_cycle_seconds=1e-09, action_latency_cycles=1)
2025-04-04 16:19:33 INFO        Aladdin_table estimated 0.36264p with accuracy 70%. 
2025-04-04 16:19:33 INFO        
2025-04-04 16:19:33 INFO        ENERGY ESTIMATION for regfile(depth=64, width=8, datawidth=8, has_power_gating=False, n_banks=2, cluster_size=1, reduction_supported=True, multiple_buffering=1, min_utilization=0, allow_overbooking=False, meshX=1, meshY=1, technology=40nm, global_cycle_seconds=1e-09, version=0.4, action_latency_cycles=1, cycle_seconds=1e-09, n_instances=1).leak(global_cycle_seconds=1e-09, action_latency_cycles=1)
2025-04-04 16:19:33 INFO        Aladdin_table estimated 0.0003712p with accuracy 70%. Messages:
2025-04-04 16:19:33 INFO        | Multiplying by n_instances 1
2025-04-04 16:19:33 INFO        
2025-04-04 16:19:33 INFO        ENERGY ESTIMATION for regfile(depth=64, width=8, datawidth=8, has_power_gating=False, n_banks=2, cluster_size=1, reduction_supported=True, multiple_buffering=1, min_utilization=0, allow_overbooking=False, meshX=1, meshY=1, technology=40nm, global_cycle_seconds=1e-09, version=0.4, action_latency_cycles=1, cycle_seconds=1e-09, n_instances=1).read(global_cycle_seconds=1e-09, action_latency_cycles=1)
2025-04-04 16:19:33 INFO        Aladdin_table estimated 0.36264p with accuracy 70%. 
2025-04-04 16:19:33 INFO        
2025-04-04 16:19:33 INFO        ENERGY ESTIMATION for intmac(width=8, has_power_gating=False, meshX=1, meshY=1, technology=40nm, global_cycle_seconds=1e-09, version=0.4, action_latency_cycles=1, cycle_seconds=1e-09, n_instances=1).compute(global_cycle_seconds=1e-09, action_latency_cycles=1)
2025-04-04 16:19:33 INFO        Aladdin_table estimated 0.845p with accuracy 70%. 
2025-04-04 16:19:33 WARNING     No action counts are specified as yaml input
2025-04-04 16:19:33 INFO        
2025-04-04 16:19:33 INFO        AREA ESTIMATION for DRAM(width=256, datawidth=8, has_power_gating=False, n_banks=2, cluster_size=1, reduction_supported=True, multiple_buffering=1, min_utilization=0, allow_overbooking=False, meshX=1, meshY=1, technology=40nm, global_cycle_seconds=1e-09, version=0.4, action_latency_cycles=1, cycle_seconds=1e-09, n_instances=1)
2025-04-04 16:19:33 INFO        CactiDRAM estimated 0 with accuracy 80%. Messages:
2025-04-04 16:19:33 INFO        | Unused arguments (datawidth, has_power_gating, n_banks, cluster_size, reduction_supported, multiple_buffering, min_utilization, allow_overbooking, meshX, meshY, technology, global_cycle_seconds, version, action_latency_cycles, cycle_seconds, n_instances) provided for ['DRAM', 'dram'].__init__. Arguments used: (width)
2025-04-04 16:19:33 INFO        | Multiplying by n_instances 1
2025-04-04 16:19:33 INFO        
2025-04-04 16:19:33 INFO        AREA ESTIMATION for SRAM(depth=32768, width=64, datawidth=8, has_power_gating=False, n_banks=2, cluster_size=1, reduction_supported=True, multiple_buffering=1, min_utilization=0, allow_overbooking=False, meshX=1, meshY=1, technology=40nm, global_cycle_seconds=1e-09, version=0.4, action_latency_cycles=1, cycle_seconds=1e-09, n_instances=1)
2025-04-04 16:19:34 INFO        CactiSRAM estimated 7.07084e-07 with accuracy 80%. Messages:
2025-04-04 16:19:34 INFO        | Unused arguments (datawidth, has_power_gating, cluster_size, reduction_supported, multiple_buffering, min_utilization, allow_overbooking, meshX, meshY, global_cycle_seconds, version, action_latency_cycles, cycle_seconds, n_instances) provided for ['SRAM', 'sram'].__init__. Arguments used: (depth, width, n_banks, technology)
2025-04-04 16:19:34 INFO        | Interpolating technology between 32 and 45.
2025-04-04 16:19:34 INFO        | Calling CACTI with cache_size=262144 n_rw_ports=1 block_size=8 tech_node_um=0.032 n_banks=2 tag_size=0 associativity=1
2025-04-04 16:19:34 INFO        | Calling CACTI with input path /usr/local/share/accelergy/estimation_plug_ins/accelergy-cacti-plug-in/cacti_inputs_outputs/tmpf32kvwpc
2025-04-04 16:19:34 INFO        | CACTI output will be written to /usr/local/share/accelergy/estimation_plug_ins/accelergy-cacti-plug-in/cacti_inputs_outputs/tmpenn1aj2u
2025-04-04 16:19:34 INFO        | CACTI executable not found at /usr/local/share/accelergy/estimation_plug_ins/accelergy-cacti-plug-in/cacti/cacti
2025-04-04 16:19:34 INFO        | Calling: cd /usr/local/share/accelergy/estimation_plug_ins/accelergy-cacti-plug-in ; ./cacti -infile /usr/local/share/accelergy/estimation_plug_ins/accelergy-cacti-plug-in/cacti_inputs_outputs/tmpf32kvwpc >> /usr/local/share/accelergy/estimation_plug_ins/accelergy-cacti-plug-in/cacti_inputs_outputs/tmpenn1aj2u 2>&1
2025-04-04 16:19:34 INFO        | Calling CACTI with cache_size=262144 n_rw_ports=1 block_size=8 tech_node_um=0.045 n_banks=2 tag_size=0 associativity=1
2025-04-04 16:19:34 INFO        | Calling CACTI with input path /usr/local/share/accelergy/estimation_plug_ins/accelergy-cacti-plug-in/cacti_inputs_outputs/tmpwyhv21dm
2025-04-04 16:19:34 INFO        | CACTI output will be written to /usr/local/share/accelergy/estimation_plug_ins/accelergy-cacti-plug-in/cacti_inputs_outputs/tmped5s4mvz
2025-04-04 16:19:34 INFO        | CACTI executable not found at /usr/local/share/accelergy/estimation_plug_ins/accelergy-cacti-plug-in/cacti/cacti
2025-04-04 16:19:34 INFO        | Calling: cd /usr/local/share/accelergy/estimation_plug_ins/accelergy-cacti-plug-in ; ./cacti -infile /usr/local/share/accelergy/estimation_plug_ins/accelergy-cacti-plug-in/cacti_inputs_outputs/tmpwyhv21dm >> /usr/local/share/accelergy/estimation_plug_ins/accelergy-cacti-plug-in/cacti_inputs_outputs/tmped5s4mvz 2>&1
2025-04-04 16:19:34 INFO        | Cache bandwidth: 16.0 bytes/cycle
2025-04-04 16:19:34 INFO        | Cache bandwidth: 43900808444.995895 bits/second
2025-04-04 16:19:34 INFO        | Multiplying by n_instances 1
2025-04-04 16:19:34 INFO        
2025-04-04 16:19:34 INFO        AREA ESTIMATION for regfile(depth=64, width=8, datawidth=8, has_power_gating=False, n_banks=2, cluster_size=1, reduction_supported=True, multiple_buffering=1, min_utilization=0, allow_overbooking=False, meshX=1, meshY=1, technology=40nm, global_cycle_seconds=1e-09, version=0.4, action_latency_cycles=1, cycle_seconds=1e-09, n_instances=1)
2025-04-04 16:19:34 INFO        Aladdin_table estimated 845.98u^2 with accuracy 70%. Messages:
2025-04-04 16:19:34 INFO        | Multiplying by n_instances 1
2025-04-04 16:19:34 INFO        
2025-04-04 16:19:34 INFO        AREA ESTIMATION for intmac(width=8, has_power_gating=False, meshX=1, meshY=1, technology=40nm, global_cycle_seconds=1e-09, version=0.4, action_latency_cycles=1, cycle_seconds=1e-09, n_instances=1)
2025-04-04 16:19:34 INFO        Aladdin_table estimated 466.375u^2 with accuracy 70%. Messages:
2025-04-04 16:19:34 INFO        | Multiplying by n_instances 1
2025-04-04 16:19:34 INFO        flattened architecture is saved to:
2025-04-04 16:19:34 INFO        ./timeloop-model.flattened_architecture.yaml
2025-04-04 16:19:34 INFO        energy reference table is saved to:
2025-04-04 16:19:34 INFO        ./timeloop-model.ERT.yaml
2025-04-04 16:19:34 INFO        energy reference table summary is saved to:
2025-04-04 16:19:34 INFO        ./timeloop-model.ERT_summary.yaml
2025-04-04 16:19:34 WARNING     no runtime energy estimations are generated... not generating energy_estimation.yaml
2025-04-04 16:19:34 INFO        area reference table is saved to:
2025-04-04 16:19:34 INFO        ./timeloop-model.ART.yaml
2025-04-04 16:19:34 INFO        area reference table summary is saved to:
2025-04-04 16:19:34 INFO        ./timeloop-model.ART_summary.yaml
